
> elastic_crud@0.0.1 start /home/affe/projects/pvp_fetch
> node index.js

200
_id append: idOwner=S-KF&idIdentifier=KBGF.056444
element appended id: idOwner=S-KF&idIdentifier=KBGF.056444
Klart
200
_id append: idOwner=S-HM&idIdentifier=HMM44940
element appended id: idOwner=S-HM&idIdentifier=HMM44940
Klart
200
_id append: idOwner=S-XLM&idIdentifier=XLM.GRP00101
element appended id: idOwner=S-XLM&idIdentifier=XLM.GRP00101
Klart
200
_id append: odensvi-7715
element appended id: odensvi-7715
Klart
200
_id append: idOwner=S-BM&idIdentifier=UMFA53240%3A004399
element appended id: idOwner=S-BM&idIdentifier=UMFA53240%3A004399
Klart
200
_id append: idOwner=S-ARK&idIdentifier=ARKM.1988-111-01290
element appended id: idOwner=S-ARK&idIdentifier=ARKM.1988-111-01290
Klart
200
_id append: 29791
element appended id: 29791
Klart
200
_id append: idOwner=S-BM&idIdentifier=UMFA53690%3A15688
element appended id: idOwner=S-BM&idIdentifier=UMFA53690%3A15688
Klart
200
_id append: 1241942
element appended id: 1241942
Klart
200
_id append: idOwner=S-UM&idIdentifier=SM4251_31
element appended id: idOwner=S-UM&idIdentifier=SM4251_31
Klart
200
_id append: 2390395
element appended id: 2390395
Klart
200
_id append: idOwner=S-UM&idIdentifier=UB024035
element appended id: idOwner=S-UM&idIdentifier=UB024035
Klart
200
_id append: 424138
element appended id: 424138
Klart
200
_id append: idOwner=S-GNM&idIdentifier=GNM6946%3A010
element appended id: idOwner=S-GNM&idIdentifier=GNM6946%3A010
Klart
200
_id append: idOwner=S-VM&idIdentifier=VMSHJ00150
element appended id: idOwner=S-VM&idIdentifier=VMSHJ00150
Klart
200
_id append: 426802
element appended id: 426802
Klart
200
_id append: idOwner=S-BM&idIdentifier=UMFA54429%3A8418
element appended id: idOwner=S-BM&idIdentifier=UMFA54429%3A8418
Klart
200
_id append: idOwner=S-KF&idIdentifier=KBGF.070135
element appended id: idOwner=S-KF&idIdentifier=KBGF.070135
Klart
200
_id append: 398768
element appended id: 398768
Klart
200
_id append: idOwner=S-UM&idIdentifier=AL3025
element appended id: idOwner=S-UM&idIdentifier=AL3025
Klart
200
_id append: idOwner=S-PM&idIdentifier=POST.025056
element appended id: idOwner=S-PM&idIdentifier=POST.025056
Klart
200
_id append: bolan2-2617
element appended id: bolan2-2617
Klart
200
_id append: 2182827
element appended id: 2182827
Klart
200
_id append: idOwner=S-XLM&idIdentifier=XLM.PWH00118-5
element appended id: idOwner=S-XLM&idIdentifier=XLM.PWH00118-5
Klart
200
_id append: idOwner=S-XLM&idIdentifier=XLM.CL002889-2
element appended id: idOwner=S-XLM&idIdentifier=XLM.CL002889-2
Klart
200
_id append: idOwner=S-UM&idIdentifier=UB001237
element appended id: idOwner=S-UM&idIdentifier=UB001237
Klart
200
_id append: idOwner=S-VM&idIdentifier=VMA00457-12
element appended id: idOwner=S-VM&idIdentifier=VMA00457-12
Klart
200
_id append: 323420
element appended id: 323420
Klart
200
_id append: idOwner=S-BM&idIdentifier=UMFA53278%3A2936
element appended id: idOwner=S-BM&idIdentifier=UMFA53278%3A2936
Klart
200
_id append: 527556
element appended id: 527556
Klart
200
_id append: 1205280
element appended id: 1205280
Klart
200
_id append: idOwner=S-SMM-SM&idIdentifier=Fo9687A
element appended id: idOwner=S-SMM-SM&idIdentifier=Fo9687A
Klart
200
_id append: bolan2-183
element appended id: bolan2-183
Klart
200
_id append: idOwner=S-HM&idIdentifier=HMM53604
element appended id: idOwner=S-HM&idIdentifier=HMM53604
Klart
200
_id append: idOwner=S-OLM&idIdentifier=OLM-91-102-15203
element appended id: idOwner=S-OLM&idIdentifier=OLM-91-102-15203
Klart
200
_id append: 16000300020986
element appended id: 16000300020986
Klart
200
_id append: idOwner=S-OLM&idIdentifier=OLM-Nr.5285-1
element appended id: idOwner=S-OLM&idIdentifier=OLM-Nr.5285-1
Klart
200
_id append: idOwner=S-VM&idIdentifier=VMDAL0228
element appended id: idOwner=S-VM&idIdentifier=VMDAL0228
Klart
200
_id append: idOwner=S-VM&idIdentifier=VMPR2512
element appended id: idOwner=S-VM&idIdentifier=VMPR2512
Klart
200
_id append: 299315
element appended id: 299315
Klart
200
_id append: 3968956
element appended id: 3968956
Klart
200
_id append: idOwner=S-FBM&idIdentifier=2M16-S-0092-4-5
element appended id: idOwner=S-FBM&idIdentifier=2M16-S-0092-4-5
Klart
200
_id append: idOwner=S-BM&idIdentifier=UMFA53224%3A0075
element appended id: idOwner=S-BM&idIdentifier=UMFA53224%3A0075
Klart
200
_id append: 16000200103552
element appended id: 16000200103552
Klart
200
_id append: 426591
element appended id: 426591
Klart
200
_id append: idOwner=S-UM&idIdentifier=UB010973
element appended id: idOwner=S-UM&idIdentifier=UB010973
Klart
200
_id append: idOwner=S-UM&idIdentifier=UB003845
element appended id: idOwner=S-UM&idIdentifier=UB003845
Klart
200
_id append: idOwner=S-XLM&idIdentifier=XLM.AL01178
element appended id: idOwner=S-XLM&idIdentifier=XLM.AL01178
Klart
200
_id append: idOwner=S-UM&idIdentifier=UB018338
element appended id: idOwner=S-UM&idIdentifier=UB018338
Klart
200
_id append: 3907243
element appended id: 3907243
Klart
200
_id append: idOwner=S-XLM&idIdentifier=XLM.CL014197-20
element appended id: idOwner=S-XLM&idIdentifier=XLM.CL014197-20
Klart
200
_id append: idOwner=S-BM&idIdentifier=UMFA53770%3A0075
element appended id: idOwner=S-BM&idIdentifier=UMFA53770%3A0075
Klart
200
_id append: idOwner=S-BM&idIdentifier=UMFA54672%3A0769
element appended id: idOwner=S-BM&idIdentifier=UMFA54672%3A0769
Klart
200
_id append: idOwner=S-BM&idIdentifier=UMFA53263%3A3935
element appended id: idOwner=S-BM&idIdentifier=UMFA53263%3A3935
Klart
200
_id append: idOwner=S-VM&idIdentifier=VMOL04874
element appended id: idOwner=S-VM&idIdentifier=VMOL04874
Klart
200
_id append: 305531
element appended id: 305531
Klart
200
_id append: idOwner=S-SM&idIdentifier=SuM-foto+006239
element appended id: idOwner=S-SM&idIdentifier=SuM-foto+006239
Klart
200
_id append: 16001000008964
element appended id: 16001000008964
Klart
200
_id append: idOwner=S-OLM&idIdentifier=OLM-91-102-10311
element appended id: idOwner=S-OLM&idIdentifier=OLM-91-102-10311
Klart
200
_id append: 16000200043236
element appended id: 16000200043236
Klart
200
_id append: 16000200135115
element appended id: 16000200135115
Klart
200
_id append: 202480
element appended id: 202480
Klart
200
_id append: idOwner=S-OLM&idIdentifier=OLM-2012-8-1522
element appended id: idOwner=S-OLM&idIdentifier=OLM-2012-8-1522
Klart
200
_id append: idOwner=S-VM&idIdentifier=VMMBR069
element appended id: idOwner=S-VM&idIdentifier=VMMBR069
Klart
200
_id append: idOwner=S-VM&idIdentifier=VMO02034
element appended id: idOwner=S-VM&idIdentifier=VMO02034
Klart
200
_id append: idOwner=S-TEK&idIdentifier=TEKA0186671
element appended id: idOwner=S-TEK&idIdentifier=TEKA0186671
Klart
200
_id append: idOwner=S-UM&idIdentifier=UB014769
element appended id: idOwner=S-UM&idIdentifier=UB014769
Klart
200
_id append: idOwner=S-BM&idIdentifier=UMFA53263%3A1761
element appended id: idOwner=S-BM&idIdentifier=UMFA53263%3A1761
Klart
200
_id append: idOwner=S-SMM-SM&idIdentifier=Fo184213AB
element appended id: idOwner=S-SMM-SM&idIdentifier=Fo184213AB
Klart
200
_id append: idOwner=S-MIL&idIdentifier=MILIF.008710
element appended id: idOwner=S-MIL&idIdentifier=MILIF.008710
Klart
200
_id append: idOwner=S-TEK&idIdentifier=TEKA0182230
element appended id: idOwner=S-TEK&idIdentifier=TEKA0182230
Klart
200
_id append: idOwner=S-BM&idIdentifier=UMFA53240%3A011268
element appended id: idOwner=S-BM&idIdentifier=UMFA53240%3A011268
Klart
200
_id append: 2528133
element appended id: 2528133
Klart
200
_id append: idOwner=S-XLM&idIdentifier=XLM.CL002959-38
element appended id: idOwner=S-XLM&idIdentifier=XLM.CL002959-38
Klart
200
_id append: idOwner=S-XLM&idIdentifier=XLM.GRP11487
element appended id: idOwner=S-XLM&idIdentifier=XLM.GRP11487
Klart
200
_id append: idOwner=S-XLM&idIdentifier=XLM.FLYG2420
element appended id: idOwner=S-XLM&idIdentifier=XLM.FLYG2420
Klart
200
_id append: 411632
element appended id: 411632
Klart
200
_id append: idOwner=S-OLM&idIdentifier=OLM-90.243.3206-1
element appended id: idOwner=S-OLM&idIdentifier=OLM-90.243.3206-1
Klart
200
_id append: 416879
element appended id: 416879
Klart
200
_id append: idOwner=S-BM&idIdentifier=UMFA53240%3A002511
element appended id: idOwner=S-BM&idIdentifier=UMFA53240%3A002511
Klart
200
_id append: 197363
element appended id: 197363
Klart
200
_id append: idOwner=S-VM&idIdentifier=VMO04696
element appended id: idOwner=S-VM&idIdentifier=VMO04696
Klart
200
_id append: idOwner=S-OLM&idIdentifier=OLM-Nr.9421-1
element appended id: idOwner=S-OLM&idIdentifier=OLM-Nr.9421-1
Klart
200
_id append: 328321
element appended id: 328321
Klart
200
_id append: idOwner=S-UM&idIdentifier=UB013518
element appended id: idOwner=S-UM&idIdentifier=UB013518
Klart
200
_id append: 40862
element appended id: 40862
Klart
200
_id append: idOwner=S-ARK&idIdentifier=ARKM.1988-111-03884
element appended id: idOwner=S-ARK&idIdentifier=ARKM.1988-111-03884
Klart
200
_id append: idOwner=S-OLM&idIdentifier=OLM-1932.61-1
element appended id: idOwner=S-OLM&idIdentifier=OLM-1932.61-1
Klart
200
_id append: idOwner=S-BM&idIdentifier=UMFA55582%3A0246+
element appended id: idOwner=S-BM&idIdentifier=UMFA55582%3A0246+
Klart
200
_id append: idOwner=S-XLM&idIdentifier=XLM.PWH03297-1
element appended id: idOwner=S-XLM&idIdentifier=XLM.PWH03297-1
Klart
200
_id append: 1980340
element appended id: 1980340
Klart
200
_id append: idOwner=S-SMM-SM&idIdentifier=Fo9321A
element appended id: idOwner=S-SMM-SM&idIdentifier=Fo9321A
Klart
200
_id append: idOwner=S-BM&idIdentifier=UMFA54695%3A0012
element appended id: idOwner=S-BM&idIdentifier=UMFA54695%3A0012
Klart
200
_id append: 16000200113978
element appended id: 16000200113978
Klart
200
_id append: idOwner=S-HM&idIdentifier=HMM34927
element appended id: idOwner=S-HM&idIdentifier=HMM34927
Klart
200
_id append: 385680
element appended id: 385680
Klart
200
_id append: 16001000245844
element appended id: 16001000245844
Klart
